{"C:\\Users\\João\\Documents\\Aula\\JestAtividades\\index.js": {"path":"C:\\Users\\João\\Documents\\Aula\\JestAtividades\\index.js","statementMap":{"0":{"start":{"line":4,"column":4},"end":{"line":4,"column":23}},"1":{"start":{"line":8,"column":4},"end":{"line":8,"column":16}},"2":{"start":{"line":12,"column":4},"end":{"line":12,"column":25}},"3":{"start":{"line":16,"column":4},"end":{"line":16,"column":25}},"4":{"start":{"line":20,"column":4},"end":{"line":20,"column":39}},"5":{"start":{"line":24,"column":4},"end":{"line":24,"column":29}},"6":{"start":{"line":27,"column":0},"end":{"line":34,"column":1}}},"fnMap":{"0":{"name":"soma","decl":{"start":{"line":3,"column":9},"end":{"line":3,"column":13}},"loc":{"start":{"line":3,"column":38},"end":{"line":5,"column":1}},"line":3},"1":{"name":"multiplica","decl":{"start":{"line":7,"column":9},"end":{"line":7,"column":19}},"loc":{"start":{"line":7,"column":31},"end":{"line":9,"column":1}},"line":7},"2":{"name":"somaMultiplica","decl":{"start":{"line":11,"column":9},"end":{"line":11,"column":23}},"loc":{"start":{"line":11,"column":36},"end":{"line":13,"column":1}},"line":11},"3":{"name":"exponenciacao","decl":{"start":{"line":15,"column":9},"end":{"line":15,"column":22}},"loc":{"start":{"line":15,"column":39},"end":{"line":17,"column":1}},"line":15},"4":{"name":"menor","decl":{"start":{"line":19,"column":9},"end":{"line":19,"column":14}},"loc":{"start":{"line":19,"column":35},"end":{"line":21,"column":1}},"line":19},"5":{"name":"inteiro","decl":{"start":{"line":23,"column":9},"end":{"line":23,"column":16}},"loc":{"start":{"line":23,"column":25},"end":{"line":25,"column":1}},"line":23}},"branchMap":{"0":{"loc":{"start":{"line":3,"column":14},"end":{"line":3,"column":20}},"type":"default-arg","locations":[{"start":{"line":3,"column":19},"end":{"line":3,"column":20}}],"line":3},"1":{"loc":{"start":{"line":3,"column":22},"end":{"line":3,"column":28}},"type":"default-arg","locations":[{"start":{"line":3,"column":27},"end":{"line":3,"column":28}}],"line":3},"2":{"loc":{"start":{"line":3,"column":30},"end":{"line":3,"column":36}},"type":"default-arg","locations":[{"start":{"line":3,"column":35},"end":{"line":3,"column":36}}],"line":3},"3":{"loc":{"start":{"line":7,"column":24},"end":{"line":7,"column":29}},"type":"default-arg","locations":[{"start":{"line":7,"column":28},"end":{"line":7,"column":29}}],"line":7}},"s":{"0":1,"1":3,"2":1,"3":1,"4":1,"5":2,"6":1},"f":{"0":1,"1":3,"2":1,"3":1,"4":1,"5":2},"b":{"0":[0],"1":[0],"2":[0],"3":[1]},"_coverageSchema":"1a1c01bbd47fc00a2c39e90264f33305004495a9","hash":"3aca5d369c7f2b6272a0f5e02a34c2c2db62854f"}
}
